#-----------------------------------------------------------
# Vivado v2024.2 (64-bit)
# SW Build 5239630 on Fri Nov 08 22:35:27 MST 2024
# IP Build 5239520 on Sun Nov 10 16:12:51 MST 2024
# SharedData Build 5239561 on Fri Nov 08 14:39:27 MST 2024
# Start of session at: Tue Apr 15 15:49:03 2025
# Process ID         : 18576
# Current directory  : C:/Users/matte/OneDrive/Documents/Cours Enseirb/EN103/projet_ma_LOTO
# Command line       : vivado.exe -gui_launcher_event rodinguilauncherevent13960 C:\Users\matte\OneDrive\Documents\Cours Enseirb\EN103\projet_ma_LOTO\projet_ma_LOTO.xpr
# Log file           : C:/Users/matte/OneDrive/Documents/Cours Enseirb/EN103/projet_ma_LOTO/vivado.log
# Journal file       : C:/Users/matte/OneDrive/Documents/Cours Enseirb/EN103/projet_ma_LOTO\vivado.jou
# Running On         : Asus_de_Matteo
# Platform           : Windows Server 2016 or Windows 10
# Operating System   : 26100
# Processor Detail   : AMD Ryzen 7 4800H with Radeon Graphics         
# CPU Frequency      : 2895 MHz
# CPU Physical cores : 8
# CPU Logical cores  : 16
# Host memory        : 33737 MB
# Swap memory        : 29553 MB
# Total Virtual      : 63291 MB
# Available Virtual  : 49093 MB
#-----------------------------------------------------------
start_gui
open_project {C:/Users/matte/OneDrive/Documents/Cours Enseirb/EN103/projet_ma_LOTO/projet_ma_LOTO.xpr}
WARNING: [Board 49-26] cannot add Board Part xilinx.com:zcu208ld:part0:2.0 available at C:/Xilinx/Vivado/2024.2/data/xhub/boards/XilinxBoardStore/boards/Xilinx/zcu208ld/production/2.0/board.xml as part xczu58dr-fsvg1517-2-i specified in board_part file is either invalid or not available
WARNING: [Board 49-26] cannot add Board Part xilinx.com:zcu216ld:part0:2.0 available at C:/Xilinx/Vivado/2024.2/data/xhub/boards/XilinxBoardStore/boards/Xilinx/zcu216ld/production/2.0/board.xml as part xczu59dr-ffvf1760-2-i specified in board_part file is either invalid or not available
WARNING: [Board 49-26] cannot add Board Part xilinx.com:zcu670ld:part0:1.0 available at C:/Xilinx/Vivado/2024.2/data/xhub/boards/XilinxBoardStore/boards/Xilinx/zcu670ld/1.0/board.xml as part xczu57dr-fsve1156-2-i specified in board_part file is either invalid or not available
INFO: [filemgmt 56-3] Default IP Output Path : Could not find the directory 'C:/Users/matte/OneDrive/Documents/Cours Enseirb/EN103/projet_ma_LOTO/projet_ma_LOTO.gen/sources_1'.
Scanning sources...
Finished scanning sources
INFO: [IP_Flow 19-234] Refreshing IP repositories
INFO: [IP_Flow 19-1704] No user IP repositories specified
INFO: [IP_Flow 19-2313] Loaded Vivado IP repository 'C:/Xilinx/Vivado/2024.2/data/ip'.
open_project: Time (s): cpu = 00:00:14 ; elapsed = 00:00:07 . Memory (MB): peak = 1375.363 ; gain = 234.133
update_compile_order -fileset sources_1
launch_simulation
Command: launch_simulation 
INFO: [Vivado 12-12493] Simulation top is 'mux4_tb'
WARNING: [Vivado 12-13340] Unable to auto find GCC executables from simulator install path! (path not set)
INFO: [Vivado 12-5682] Launching behavioral simulation in 'C:/Users/matte/OneDrive/Documents/Cours Enseirb/EN103/projet_ma_LOTO/projet_ma_LOTO.sim/sim_1/behav/xsim'
INFO: [SIM-utils-51] Simulation object is 'sim_1'
INFO: [SIM-utils-72] Using boost library from 'C:/Xilinx/Vivado/2024.2/tps/boost_1_72_0'
INFO: [SIM-utils-54] Inspecting design source files for 'mux4_tb' in fileset 'sim_1'...
INFO: [USF-XSim-97] Finding global include files...
INFO: [USF-XSim-98] Fetching design files from 'sim_1'...
INFO: [USF-XSim-2] XSim::Compile design
INFO: [USF-XSim-61] Executing 'COMPILE and ANALYZE' step in 'C:/Users/matte/OneDrive/Documents/Cours Enseirb/EN103/projet_ma_LOTO/projet_ma_LOTO.sim/sim_1/behav/xsim'
INFO: [USF-XSim-69] 'compile' step finished in '0' seconds
ERROR: [USF-XSim-62] 'compile' step failed with error(s) while executing 'C:/Users/matte/OneDrive/Documents/Cours Enseirb/EN103/projet_ma_LOTO/projet_ma_LOTO.sim/sim_1/behav/xsim/compile.bat' script. Please check that the file has the correct 'read/write/execute' permissions and the Tcl console output for any other possible errors or warnings.
ERROR: [Vivado 12-4473] Detected error while running simulation. Please correct the issue and retry this operation.
ERROR: [Common 17-39] 'launch_simulation' failed due to earlier errors.
launch_simulation
Command: launch_simulation 
INFO: [Vivado 12-12493] Simulation top is 'mux4_tb'
WARNING: [Vivado 12-13340] Unable to auto find GCC executables from simulator install path! (path not set)
INFO: [Vivado 12-5682] Launching behavioral simulation in 'C:/Users/matte/OneDrive/Documents/Cours Enseirb/EN103/projet_ma_LOTO/projet_ma_LOTO.sim/sim_1/behav/xsim'
INFO: [SIM-utils-51] Simulation object is 'sim_1'
INFO: [SIM-utils-72] Using boost library from 'C:/Xilinx/Vivado/2024.2/tps/boost_1_72_0'
INFO: [SIM-utils-54] Inspecting design source files for 'mux4_tb' in fileset 'sim_1'...
INFO: [USF-XSim-97] Finding global include files...
INFO: [USF-XSim-98] Fetching design files from 'sim_1'...
INFO: [USF-XSim-2] XSim::Compile design
INFO: [USF-XSim-61] Executing 'COMPILE and ANALYZE' step in 'C:/Users/matte/OneDrive/Documents/Cours Enseirb/EN103/projet_ma_LOTO/projet_ma_LOTO.sim/sim_1/behav/xsim'
INFO: [USF-XSim-69] 'compile' step finished in '0' seconds
ERROR: [USF-XSim-62] 'compile' step failed with error(s) while executing 'C:/Users/matte/OneDrive/Documents/Cours Enseirb/EN103/projet_ma_LOTO/projet_ma_LOTO.sim/sim_1/behav/xsim/compile.bat' script. Please check that the file has the correct 'read/write/execute' permissions and the Tcl console output for any other possible errors or warnings.
ERROR: [Vivado 12-4473] Detected error while running simulation. Please correct the issue and retry this operation.
ERROR: [Common 17-39] 'launch_simulation' failed due to earlier errors.
set_property is_enabled false [get_files  {{C:/Users/matte/OneDrive/Documents/Cours Enseirb/EN103/projet_ma_LOTO/projet_ma_LOTO.srcs/sources_1/new/mux4_4.vhd}}]
launch_simulation
Command: launch_simulation 
INFO: [Vivado 12-12493] Simulation top is 'mux4_tb'
WARNING: [Vivado 12-13340] Unable to auto find GCC executables from simulator install path! (path not set)
INFO: [Vivado 12-5682] Launching behavioral simulation in 'C:/Users/matte/OneDrive/Documents/Cours Enseirb/EN103/projet_ma_LOTO/projet_ma_LOTO.sim/sim_1/behav/xsim'
INFO: [SIM-utils-51] Simulation object is 'sim_1'
INFO: [SIM-utils-72] Using boost library from 'C:/Xilinx/Vivado/2024.2/tps/boost_1_72_0'
INFO: [SIM-utils-54] Inspecting design source files for 'mux4_tb' in fileset 'sim_1'...
INFO: [USF-XSim-97] Finding global include files...
INFO: [USF-XSim-98] Fetching design files from 'sim_1'...
INFO: [USF-XSim-2] XSim::Compile design
INFO: [USF-XSim-61] Executing 'COMPILE and ANALYZE' step in 'C:/Users/matte/OneDrive/Documents/Cours Enseirb/EN103/projet_ma_LOTO/projet_ma_LOTO.sim/sim_1/behav/xsim'
INFO: [USF-XSim-69] 'compile' step finished in '0' seconds
ERROR: [USF-XSim-62] 'compile' step failed with error(s) while executing 'C:/Users/matte/OneDrive/Documents/Cours Enseirb/EN103/projet_ma_LOTO/projet_ma_LOTO.sim/sim_1/behav/xsim/compile.bat' script. Please check that the file has the correct 'read/write/execute' permissions and the Tcl console output for any other possible errors or warnings.
ERROR: [Vivado 12-4473] Detected error while running simulation. Please correct the issue and retry this operation.
ERROR: [Common 17-39] 'launch_simulation' failed due to earlier errors.
launch_simulation
ERROR: [Common 17-1293] The path 'C:/Users/matte/OneDrive/Documents/Cours Enseirb/EN103/projet_ma_LOTO/projet_ma_LOTO.cache/wt' already exists, is a directory, but is not writable.
WARNING: [filemgmt 56-199] Attempt to get parsing info during refresh. "On-the-fly" syntax checking information may be incorrect. [C:\Users\matte\OneDrive\Documents\Cours Enseirb\EN103\projet_ma_LOTO\projet_ma_LOTO.srcs\sources_1\new\mux4_7.vhd:]
WARNING: [filemgmt 56-199] Attempt to get parsing info during refresh. "On-the-fly" syntax checking information may be incorrect. [C:\Users\matte\OneDrive\Documents\Cours Enseirb\EN103\projet_ma_LOTO\projet_ma_LOTO.srcs\sim_1\new\tb_mux4_7.vhd:]
WARNING: [filemgmt 56-199] Attempt to get parsing info during refresh. "On-the-fly" syntax checking information may be incorrect. [C:\Users\matte\OneDrive\Documents\Cours Enseirb\EN103\projet_ma_LOTO\projet_ma_LOTO.srcs\sim_1\new\tb_mux4_7.vhd:]
WARNING: [filemgmt 56-199] Attempt to get parsing info during refresh. "On-the-fly" syntax checking information may be incorrect. [C:\Users\matte\OneDrive\Documents\Cours Enseirb\EN103\projet_ma_LOTO\projet_ma_LOTO.srcs\sim_1\new\tb_mux4_7.vhd:]
ERROR: [Common 17-180] Spawn failed: No error
launch_simulation
ERROR: [Common 17-1293] The path 'C:/Users/matte/OneDrive/Documents/Cours Enseirb/EN103/projet_ma_LOTO/projet_ma_LOTO.cache/wt' already exists, is a directory, but is not writable.
exit
INFO: [Common 17-206] Exiting Vivado at Tue Apr 15 16:01:49 2025...
