#-----------------------------------------------------------
# Vivado v2024.2 (64-bit)
# SW Build 5239630 on Fri Nov 08 22:35:27 MST 2024
# IP Build 5239520 on Sun Nov 10 16:12:51 MST 2024
# SharedData Build 5239561 on Fri Nov 08 14:39:27 MST 2024
# Start of session at: Mon Sep 22 10:40:26 2025
# Process ID         : 17248
# Current directory  : C:/Users/matte/OneDrive/Documents/Cours_Enseirb/1A/EN103/Projet_ma_LOTO
# Command line       : vivado.exe -gui_launcher_event rodinguilauncherevent9428 C:\Users\matte\OneDrive\Documents\Cours_Enseirb\1A\EN103\Projet_ma_LOTO\projet_ma_LOTO.xpr
# Log file           : C:/Users/matte/OneDrive/Documents/Cours_Enseirb/1A/EN103/Projet_ma_LOTO/vivado.log
# Journal file       : C:/Users/matte/OneDrive/Documents/Cours_Enseirb/1A/EN103/Projet_ma_LOTO\vivado.jou
# Running On         : Asus_de_Matteo
# Platform           : Windows Server 2016 or Windows 10
# Operating System   : 26100
# Processor Detail   : AMD Ryzen 7 4800H with Radeon Graphics         
# CPU Frequency      : 2895 MHz
# CPU Physical cores : 8
# CPU Logical cores  : 16
# Host memory        : 33737 MB
# Swap memory        : 15569 MB
# Total Virtual      : 49307 MB
# Available Virtual  : 35213 MB
#-----------------------------------------------------------
start_gui
open_project C:/Users/matte/OneDrive/Documents/Cours_Enseirb/1A/EN103/Projet_ma_LOTO/projet_ma_LOTO.xpr
WARNING: [Board 49-26] cannot add Board Part xilinx.com:zcu208ld:part0:2.0 available at C:/Xilinx/Vivado/2024.2/data/xhub/boards/XilinxBoardStore/boards/Xilinx/zcu208ld/production/2.0/board.xml as part xczu58dr-fsvg1517-2-i specified in board_part file is either invalid or not available
WARNING: [Board 49-26] cannot add Board Part xilinx.com:zcu216ld:part0:2.0 available at C:/Xilinx/Vivado/2024.2/data/xhub/boards/XilinxBoardStore/boards/Xilinx/zcu216ld/production/2.0/board.xml as part xczu59dr-ffvf1760-2-i specified in board_part file is either invalid or not available
WARNING: [Board 49-26] cannot add Board Part xilinx.com:zcu670ld:part0:1.0 available at C:/Xilinx/Vivado/2024.2/data/xhub/boards/XilinxBoardStore/boards/Xilinx/zcu670ld/1.0/board.xml as part xczu57dr-fsve1156-2-i specified in board_part file is either invalid or not available
INFO: [Project 1-313] Project file moved from 'C:/Users/matte/OneDrive/Documents/Cours_Enseirb/EN103/projet_ma_LOTO' since last save.
INFO: [filemgmt 56-3] Default IP Output Path : Could not find the directory 'C:/Users/matte/OneDrive/Documents/Cours_Enseirb/1A/EN103/Projet_ma_LOTO/projet_ma_LOTO.gen/sources_1'.
Scanning sources...
Finished scanning sources
INFO: [IP_Flow 19-234] Refreshing IP repositories
INFO: [IP_Flow 19-1704] No user IP repositories specified
INFO: [IP_Flow 19-2313] Loaded Vivado IP repository 'C:/Xilinx/Vivado/2024.2/data/ip'.
open_project: Time (s): cpu = 00:00:35 ; elapsed = 00:00:17 . Memory (MB): peak = 1397.211 ; gain = 261.648
update_compile_order -fileset sources_1
